<b:widget id='BlogArchive10' locked='false' title='Archive' type='BlogArchive' version='2' visible='true'>
  <b:widget-settings>
    <b:widget-setting name='showStyle'>HIERARCHY</b:widget-setting>
    <b:widget-setting name='yearPattern'>yyyy</b:widget-setting>
    <b:widget-setting name='showWeekEnd'>true</b:widget-setting>
    <b:widget-setting name='monthPattern'>MMMM</b:widget-setting>
    <b:widget-setting name='dayPattern'>MMM dd</b:widget-setting>
    <b:widget-setting name='weekPattern'>MM/dd</b:widget-setting>
    <b:widget-setting name='chronological'>false</b:widget-setting>
    <b:widget-setting name='showPosts'>false</b:widget-setting>
    <b:widget-setting name='frequency'>DAILY</b:widget-setting>
  </b:widget-settings>
</b:widget>
<b:widget id='BlogSearch10' locked='false' title='Search This Blog' type='BlogSearch' version='2' visible='true'/>
<b:widget id='ContactForm10' locked='false' title='Contact Form' type='ContactForm' version='2' visible='true'/>
<b:widget id='FeaturedPost10' locked='false' title='Featured Post' type='FeaturedPost' version='2' visible='true'>
  <b:widget-settings>
    <b:widget-setting name='showSnippet'>true</b:widget-setting>
    <b:widget-setting name='showPostTitle'>true</b:widget-setting>
    <b:widget-setting name='showFirstImage'>true</b:widget-setting>
    <b:widget-setting name='useMostRecentPost'>true</b:widget-setting>
  </b:widget-settings>
</b:widget>
<b:widget id='FollowByEmail10' locked='false' title='Follow by Email' type='FollowByEmail' version='2' visible='true'/>
<b:widget id='Header10' locked='false' title='(Header)' type='Header' version='2' visible='true'>
  <b:widget-settings>
    <b:widget-setting name='displayUrl'>https://via.placeholder.com/1200x630</b:widget-setting>
    <b:widget-setting name='displayHeight'>768</b:widget-setting>
    <b:widget-setting name='sectionWidth'>258</b:widget-setting>
    <b:widget-setting name='useImage'>true</b:widget-setting>
    <b:widget-setting name='shrinkToFit'>false</b:widget-setting>
    <b:widget-setting name='imagePlacement'>BEHIND</b:widget-setting>
    <b:widget-setting name='displayWidth'>1366</b:widget-setting>
  </b:widget-settings>
</b:widget>
<b:widget id='Image10' locked='false' title='Image' type='Image' version='2' visible='true'>
  <b:widget-settings>
    <b:widget-setting name='displayUrl'>https://via.placeholder.com/512x512</b:widget-setting>
    <b:widget-setting name='displayHeight'>172</b:widget-setting>
    <b:widget-setting name='sectionWidth'>258</b:widget-setting>
    <b:widget-setting name='shrinkToFit'>true</b:widget-setting>
    <b:widget-setting name='displayWidth'>258</b:widget-setting>
    <b:widget-setting name='link'>https://blogger.com</b:widget-setting>
    <b:widget-setting name='caption'>A caption for the above image.</b:widget-setting>
  </b:widget-settings>
</b:widget>
<b:widget id='Label10' locked='false' title='Labels' type='Label' version='2' visible='true'>
  <b:widget-settings>
    <b:widget-setting name='sorting'>ALPHA</b:widget-setting>
    <b:widget-setting name='display'>LIST</b:widget-setting>
    <b:widget-setting name='selectedLabelsList'/>
    <b:widget-setting name='showType'>ALL</b:widget-setting>
    <b:widget-setting name='showFreqNumbers'>true</b:widget-setting>
  </b:widget-settings>
</b:widget>
<b:widget id='PopularPosts10' locked='false' title='Popular Posts' type='PopularPosts' version='2' visible='true'>
  <b:widget-settings>
    <b:widget-setting name='numItemsToShow'>5</b:widget-setting>
    <b:widget-setting name='showThumbnails'>true</b:widget-setting>
    <b:widget-setting name='showSnippets'>true</b:widget-setting>
    <b:widget-setting name='timeRange'>ALL_TIME</b:widget-setting>
  </b:widget-settings>
</b:widget>